<?xml version="1.0" encoding="UTF-8"?>
<testsuites name="jest tests" tests="2" failures="0" time="13.909">
  <testsuite name="CustomXmlFiles" errors="0" failures="0" skipped="1" timestamp="2020-02-17T17:19:16" time="13.675" tests="2">
    <testcase classname="CustomXmlFiles loads custom xml files" name="CustomXmlFiles loads custom xml files" time="0.001">
      <skipped/>
    </testcase>
    <testcase classname="CustomXmlFiles saves custom xml files" name="CustomXmlFiles saves custom xml files" time="8.131">
    </testcase>
  </testsuite>
</testsuites>