<?xml version="1.0" encoding="UTF-8"?>
<testsuites name="jest tests" tests="1" failures="0" time="5.594">
  <testsuite name="TemplateHandler" errors="0" failures="0" skipped="0" timestamp="2020-02-18T10:11:13" time="5.426" tests="1">
    <testcase classname="TemplateHandler updates data bindings in a form" name="TemplateHandler updates data bindings in a form" time="0.12">
    </testcase>
  </testsuite>
</testsuites>